[debug] [2020-02-12T14:18:08.919Z] ----------------------------------------------------------------------
[debug] [2020-02-12T14:18:08.921Z] Command:       C:\Program Files\nodejs\node.exe C:\Users\Nex\AppData\Roaming\npm\node_modules\firebase-tools\lib\bin\firebase.js init
[debug] [2020-02-12T14:18:08.921Z] CLI Version:   7.12.1
[debug] [2020-02-12T14:18:08.921Z] Platform:      win32
[debug] [2020-02-12T14:18:08.921Z] Node Version:  v12.16.0
[debug] [2020-02-12T14:18:08.922Z] Time:          Wed Feb 12 2020 21:18:08 GMT+0700 (GMT+07:00)
[debug] [2020-02-12T14:18:08.922Z] ----------------------------------------------------------------------
[debug] [2020-02-12T14:18:08.922Z] 
[debug] [2020-02-12T14:18:08.927Z] > command requires scopes: ["email","openid","https://www.googleapis.com/auth/cloudplatformprojects.readonly","https://www.googleapis.com/auth/firebase","https://www.googleapis.com/auth/cloud-platform"]
[debug] [2020-02-12T14:18:08.927Z] > authorizing via signed-in user
[info] 
     ######## #### ########  ######## ########     ###     ######  ########
     ##        ##  ##     ## ##       ##     ##  ##   ##  ##       ##
     ######    ##  ########  ######   ########  #########  ######  ######
     ##        ##  ##    ##  ##       ##     ## ##     ##       ## ##
     ##       #### ##     ## ######## ########  ##     ##  ######  ########

You're about to initialize a Firebase project in this directory:

  C:\Users\Nex\Desktop\New folder

Before we get started, keep in mind:

  * You are initializing in an existing Firebase project directory

[info] 
=== Project Setup
[info] 
[info] First, let's associate this project directory with a Firebase project.
[info] You can create multiple project aliases by running firebase use --add, 
[info] but for now we'll just set up a default project.
[info] 
[info] i  .firebaserc already has a default project, using basic-pwa-acf3c.
[debug] [2020-02-12T14:18:12.139Z] >>> HTTP REQUEST GET https://firebase.googleapis.com/v1beta1/projects/basic-pwa-acf3c  
 
[debug] [2020-02-12T14:18:12.730Z] <<< HTTP RESPONSE 403
[debug] [2020-02-12T14:18:12.731Z] <<< HTTP RESPONSE BODY
[debug] [2020-02-12T14:18:12.731Z] HTTP Error: 403, The caller does not have permission
[debug] [2020-02-12T14:18:12.834Z] FirebaseError: HTTP Error: 403, The caller does not have permission
    at module.exports (C:\Users\Nex\AppData\Roaming\npm\node_modules\firebase-tools\lib\responseToError.js:38:12)
    at Request._callback (C:\Users\Nex\AppData\Roaming\npm\node_modules\firebase-tools\lib\api.js:39:35)
    at Request.self.callback (C:\Users\Nex\AppData\Roaming\npm\node_modules\firebase-tools\node_modules\request\request.js:185:22)
    at Request.emit (events.js:321:20)
    at Request.EventEmitter.emit (domain.js:482:12)
    at Request.<anonymous> (C:\Users\Nex\AppData\Roaming\npm\node_modules\firebase-tools\node_modules\request\request.js:1154:10)
    at Request.emit (events.js:321:20)
    at Request.EventEmitter.emit (domain.js:482:12)
    at IncomingMessage.<anonymous> (C:\Users\Nex\AppData\Roaming\npm\node_modules\firebase-tools\node_modules\request\request.js:1076:12)
    at Object.onceWrapper (events.js:427:28)
    at IncomingMessage.emit (events.js:333:22)
    at IncomingMessage.EventEmitter.emit (domain.js:482:12)
    at endReadableNT (_stream_readable.js:1204:12)
    at processTicksAndRejections (internal/process/task_queues.js:84:21)
[error] 
[error] Error: Failed to get Firebase project basic-pwa-acf3c. Please make sure the project exists and your account has permission to access it.
